# JRE version: OpenJDK Runtime Environment Temurin-21.0.8+9 (21.0.8+9) (build 21.0.8+9-LTS)
# Java VM: OpenJDK 64-Bit Server VM Temurin-21.0.8+9 (21.0.8+9-LTS, mixed mode, sharing, tiered, compressed oops, compressed class ptrs, parallel gc, windows-amd64)
GC Precious Log:
 CardTable entry size: 512
 CPUs: 12 total, 12 available
 Memory: 15706M
 Large Page Support: Disabled
 NUMA Support: Disabled
 Compressed Oops: Enabled (32-bit)
 Alignments: Space 512K, Generation 512K, Heap 2M
 Heap Min Capacity: 100M
 Heap Initial Capacity: 100M
 Heap Max Capacity: 2G
 Pre-touch: Disabled
 Parallel Workers: 10
Heap:
 PSYoungGen      total 14848K, used 12526K [0x00000000d5580000, 0x00000000d6800000, 0x0000000100000000)
  eden space 14336K, 83% used [0x00000000d5580000,0x00000000d613e658,0x00000000d6380000)
  from space 512K, 97% used [0x00000000d6580000,0x00000000d65fd200,0x00000000d6600000)
  to   space 2048K, 0% used [0x00000000d6380000,0x00000000d6380000,0x00000000d6580000)
 ParOldGen       total 115712K, used 115459K [0x0000000080000000, 0x0000000087100000, 0x00000000d5580000)
  object space 115712K, 99% used [0x0000000080000000,0x00000000870c0c98,0x0000000087100000)
 Metaspace       used 65920K, committed 67328K, reserved 1114112K
  class space    used 6667K, committed 7296K, reserved 1048576K
GC Heap History (20 events):
Event: 3024.449 GC heap before
{Heap before GC invocations=138 (full 3):
 PSYoungGen      total 15360K, used 15059K [0x00000000d5580000, 0x00000000d6600000, 0x0000000100000000)
  eden space 14848K, 99% used [0x00000000d5580000,0x00000000d63fcde8,0x00000000d6400000)
  from space 512K, 43% used [0x00000000d6580000,0x00000000d65b8000,0x00000000d6600000)
  to   space 1024K, 0% used [0x00000000d6400000,0x00000000d6400000,0x00000000d6500000)
 ParOldGen       total 110592K, used 110159K [0x0000000080000000, 0x0000000086c00000, 0x00000000d5580000)
  object space 110592K, 99% used [0x0000000080000000,0x0000000086b93dd0,0x0000000086c00000)
 Metaspace       used 65769K, committed 67200K, reserved 1114112K
  class space    used 6667K, committed 7296K, reserved 1048576K
}
Event: 3024.450 GC heap after
{Heap after GC invocations=138 (full 3):
 PSYoungGen      total 15872K, used 256K [0x00000000d5580000, 0x00000000d6600000, 0x0000000100000000)
  eden space 14848K, 0% used [0x00000000d5580000,0x00000000d5580000,0x00000000d6400000)
  from space 1024K, 25% used [0x00000000d6400000,0x00000000d6440000,0x00000000d6500000)
  to   space 512K, 0% used [0x00000000d6580000,0x00000000d6580000,0x00000000d6600000)
 ParOldGen       total 110592K, used 110167K [0x0000000080000000, 0x0000000086c00000, 0x00000000d5580000)
  object space 110592K, 99% used [0x0000000080000000,0x0000000086b95dd0,0x0000000086c00000)
 Metaspace       used 65769K, committed 67200K, reserved 1114112K
  class space    used 6667K, committed 7296K, reserved 1048576K
}
Event: 3024.526 GC heap before
{Heap before GC invocations=139 (full 3):
 PSYoungGen      total 15872K, used 15104K [0x00000000d5580000, 0x00000000d6600000, 0x0000000100000000)
  eden space 14848K, 100% used [0x00000000d5580000,0x00000000d6400000,0x00000000d6400000)
  from space 1024K, 25% used [0x00000000d6400000,0x00000000d6440000,0x00000000d6500000)
  to   space 512K, 0% used [0x00000000d6580000,0x00000000d6580000,0x00000000d6600000)
 ParOldGen       total 110592K, used 110167K [0x0000000080000000, 0x0000000086c00000, 0x00000000d5580000)
  object space 110592K, 99% used [0x0000000080000000,0x0000000086b95dd0,0x0000000086c00000)
 Metaspace       used 65777K, committed 67264K, reserved 1114112K
  class space    used 6667K, committed 7296K, reserved 1048576K
}
Event: 3024.529 GC heap after
{Heap after GC invocations=139 (full 3):
 PSYoungGen      total 15360K, used 506K [0x00000000d5580000, 0x00000000d6700000, 0x0000000100000000)
  eden space 14848K, 0% used [0x00000000d5580000,0x00000000d5580000,0x00000000d6400000)
  from space 512K, 98% used [0x00000000d6580000,0x00000000d65fe900,0x00000000d6600000)
  to   space 1536K, 0% used [0x00000000d6400000,0x00000000d6400000,0x00000000d6580000)
 ParOldGen       total 111104K, used 110624K [0x0000000080000000, 0x0000000086c80000, 0x00000000d5580000)
  object space 111104K, 99% used [0x0000000080000000,0x0000000086c08300,0x0000000086c80000)
 Metaspace       used 65777K, committed 67264K, reserved 1114112K
  class space    used 6667K, committed 7296K, reserved 1048576K
}
Event: 3024.597 GC heap before
{Heap before GC invocations=140 (full 3):
 PSYoungGen      total 15360K, used 15354K [0x00000000d5580000, 0x00000000d6700000, 0x0000000100000000)
  eden space 14848K, 100% used [0x00000000d5580000,0x00000000d6400000,0x00000000d6400000)
  from space 512K, 98% used [0x00000000d6580000,0x00000000d65fe900,0x00000000d6600000)
  to   space 1536K, 0% used [0x00000000d6400000,0x00000000d6400000,0x00000000d6580000)
 ParOldGen       total 111104K, used 110624K [0x0000000080000000, 0x0000000086c80000, 0x00000000d5580000)
  object space 111104K, 99% used [0x0000000080000000,0x0000000086c08300,0x0000000086c80000)
 Metaspace       used 65782K, committed 67264K, reserved 1114112K
  class space    used 6667K, committed 7296K, reserved 1048576K
}
Event: 3024.600 GC heap after
{Heap after GC invocations=140 (full 3):
 PSYoungGen      total 16384K, used 1524K [0x00000000d5580000, 0x00000000d6900000, 0x0000000100000000)
  eden space 14848K, 0% used [0x00000000d5580000,0x00000000d5580000,0x00000000d6400000)
  from space 1536K, 99% used [0x00000000d6400000,0x00000000d657d200,0x00000000d6580000)
  to   space 2560K, 0% used [0x00000000d6680000,0x00000000d6680000,0x00000000d6900000)
 ParOldGen       total 111616K, used 111263K [0x0000000080000000, 0x0000000086d00000, 0x00000000d5580000)
  object space 111616K, 99% used [0x0000000080000000,0x0000000086ca7c68,0x0000000086d00000)
 Metaspace       used 65782K, committed 67264K, reserved 1114112K
  class space    used 6667K, committed 7296K, reserved 1048576K
}
Event: 3024.686 GC heap before
{Heap before GC invocations=141 (full 3):
 PSYoungGen      total 16384K, used 16372K [0x00000000d5580000, 0x00000000d6900000, 0x0000000100000000)
  eden space 14848K, 100% used [0x00000000d5580000,0x00000000d6400000,0x00000000d6400000)
  from space 1536K, 99% used [0x00000000d6400000,0x00000000d657d200,0x00000000d6580000)
  to   space 2560K, 0% used [0x00000000d6680000,0x00000000d6680000,0x00000000d6900000)
 ParOldGen       total 111616K, used 111263K [0x0000000080000000, 0x0000000086d00000, 0x00000000d5580000)
  object space 111616K, 99% used [0x0000000080000000,0x0000000086ca7c68,0x0000000086d00000)
 Metaspace       used 65795K, committed 67264K, reserved 1114112K
  class space    used 6667K, committed 7296K, reserved 1048576K
}
Event: 3024.689 GC heap after
{Heap after GC invocations=141 (full 3):
 PSYoungGen      total 16384K, used 1220K [0x00000000d5580000, 0x00000000d6800000, 0x0000000100000000)
  eden space 14848K, 0% used [0x00000000d5580000,0x00000000d5580000,0x00000000d6400000)
  from space 1536K, 79% used [0x00000000d6680000,0x00000000d67b1210,0x00000000d6800000)
  to   space 2048K, 0% used [0x00000000d6400000,0x00000000d6400000,0x00000000d6600000)
 ParOldGen       total 113152K, used 112750K [0x0000000080000000, 0x0000000086e80000, 0x00000000d5580000)
  object space 113152K, 99% used [0x0000000080000000,0x0000000086e1b960,0x0000000086e80000)
 Metaspace       used 65795K, committed 67264K, reserved 1114112K
  class space    used 6667K, committed 7296K, reserved 1048576K
}
Event: 3024.763 GC heap before
{Heap before GC invocations=142 (full 3):
 PSYoungGen      total 16384K, used 16068K [0x00000000d5580000, 0x00000000d6800000, 0x0000000100000000)
  eden space 14848K, 100% used [0x00000000d5580000,0x00000000d6400000,0x00000000d6400000)
  from space 1536K, 79% used [0x00000000d6680000,0x00000000d67b1210,0x00000000d6800000)
  to   space 2048K, 0% used [0x00000000d6400000,0x00000000d6400000,0x00000000d6600000)
 ParOldGen       total 113152K, used 112750K [0x0000000080000000, 0x0000000086e80000, 0x00000000d5580000)
  object space 113152K, 99% used [0x0000000080000000,0x0000000086e1b960,0x0000000086e80000)
 Metaspace       used 65821K, committed 67264K, reserved 1114112K
  class space    used 6667K, committed 7296K, reserved 1048576K
}
Event: 3024.766 GC heap after
{Heap after GC invocations=142 (full 3):
 PSYoungGen      total 16896K, used 618K [0x00000000d5580000, 0x00000000d6700000, 0x0000000100000000)
  eden space 14848K, 0% used [0x00000000d5580000,0x00000000d5580000,0x00000000d6400000)
  from space 2048K, 30% used [0x00000000d6400000,0x00000000d649a910,0x00000000d6600000)
  to   space 1024K, 0% used [0x00000000d6600000,0x00000000d6600000,0x00000000d6700000)
 ParOldGen       total 113664K, used 113350K [0x0000000080000000, 0x0000000086f00000, 0x00000000d5580000)
  object space 113664K, 99% used [0x0000000080000000,0x0000000086eb1980,0x0000000086f00000)
 Metaspace       used 65821K, committed 67264K, reserved 1114112K
  class space    used 6667K, committed 7296K, reserved 1048576K
}
Event: 3024.858 GC heap before
{Heap before GC invocations=143 (full 3):
 PSYoungGen      total 16896K, used 15466K [0x00000000d5580000, 0x00000000d6700000, 0x0000000100000000)
  eden space 14848K, 100% used [0x00000000d5580000,0x00000000d6400000,0x00000000d6400000)
  from space 2048K, 30% used [0x00000000d6400000,0x00000000d649a910,0x00000000d6600000)
  to   space 1024K, 0% used [0x00000000d6600000,0x00000000d6600000,0x00000000d6700000)
 ParOldGen       total 113664K, used 113350K [0x0000000080000000, 0x0000000086f00000, 0x00000000d5580000)
  object space 113664K, 99% used [0x0000000080000000,0x0000000086eb1980,0x0000000086f00000)
 Metaspace       used 65851K, committed 67328K, reserved 1114112K
  class space    used 6667K, committed 7296K, reserved 1048576K
}
Event: 3024.861 GC heap after
{Heap after GC invocations=143 (full 3):
 PSYoungGen      total 15872K, used 1018K [0x00000000d5580000, 0x00000000d6800000, 0x0000000100000000)
  eden space 14848K, 0% used [0x00000000d5580000,0x00000000d5580000,0x00000000d6400000)
  from space 1024K, 99% used [0x00000000d6600000,0x00000000d66fe900,0x00000000d6700000)
  to   space 2048K, 0% used [0x00000000d6400000,0x00000000d6400000,0x00000000d6600000)
 ParOldGen       total 114176K, used 113866K [0x0000000080000000, 0x0000000086f80000, 0x00000000d5580000)
  object space 114176K, 99% used [0x0000000080000000,0x0000000086f32bb0,0x0000000086f80000)
 Metaspace       used 65851K, committed 67328K, reserved 1114112K
  class space    used 6667K, committed 7296K, reserved 1048576K
}
Event: 3025.980 GC heap before
{Heap before GC invocations=144 (full 3):
 PSYoungGen      total 15872K, used 15866K [0x00000000d5580000, 0x00000000d6800000, 0x0000000100000000)
  eden space 14848K, 100% used [0x00000000d5580000,0x00000000d6400000,0x00000000d6400000)
  from space 1024K, 99% used [0x00000000d6600000,0x00000000d66fe900,0x00000000d6700000)
  to   space 2048K, 0% used [0x00000000d6400000,0x00000000d6400000,0x00000000d6600000)
 ParOldGen       total 114176K, used 113866K [0x0000000080000000, 0x0000000086f80000, 0x00000000d5580000)
  object space 114176K, 99% used [0x0000000080000000,0x0000000086f32bb0,0x0000000086f80000)
 Metaspace       used 65854K, committed 67328K, reserved 1114112K
  class space    used 6667K, committed 7296K, reserved 1048576K
}
Event: 3026.990 GC heap after
{Heap after GC invocations=144 (full 3):
 PSYoungGen      total 15360K, used 468K [0x00000000d5580000, 0x00000000d6680000, 0x0000000100000000)
  eden space 14848K, 0% used [0x00000000d5580000,0x00000000d5580000,0x00000000d6400000)
  from space 512K, 91% used [0x00000000d6400000,0x00000000d6475200,0x00000000d6480000)
  to   space 1024K, 0% used [0x00000000d6580000,0x00000000d6580000,0x00000000d6680000)
 ParOldGen       total 114688K, used 114360K [0x0000000080000000, 0x0000000087000000, 0x00000000d5580000)
  object space 114688K, 99% used [0x0000000080000000,0x0000000086fae330,0x0000000087000000)
 Metaspace       used 65854K, committed 67328K, reserved 1114112K
  class space    used 6667K, committed 7296K, reserved 1048576K
}
Event: 3027.051 GC heap before
{Heap before GC invocations=145 (full 3):
 PSYoungGen      total 15360K, used 15316K [0x00000000d5580000, 0x00000000d6680000, 0x0000000100000000)
  eden space 14848K, 100% used [0x00000000d5580000,0x00000000d6400000,0x00000000d6400000)
  from space 512K, 91% used [0x00000000d6400000,0x00000000d6475200,0x00000000d6480000)
  to   space 1024K, 0% used [0x00000000d6580000,0x00000000d6580000,0x00000000d6680000)
 ParOldGen       total 114688K, used 114360K [0x0000000080000000, 0x0000000087000000, 0x00000000d5580000)
  object space 114688K, 99% used [0x0000000080000000,0x0000000086fae330,0x0000000087000000)
 Metaspace       used 65887K, committed 67328K, reserved 1114112K
  class space    used 6667K, committed 7296K, reserved 1048576K
}
Event: 3027.052 GC heap after
{Heap after GC invocations=145 (full 3):
 PSYoungGen      total 15872K, used 618K [0x00000000d5580000, 0x00000000d6680000, 0x0000000100000000)
  eden space 14848K, 0% used [0x00000000d5580000,0x00000000d5580000,0x00000000d6400000)
  from space 1024K, 60% used [0x00000000d6580000,0x00000000d661a910,0x00000000d6680000)
  to   space 1024K, 0% used [0x00000000d6480000,0x00000000d6480000,0x00000000d6580000)
 ParOldGen       total 114688K, used 114400K [0x0000000080000000, 0x0000000087000000, 0x00000000d5580000)
  object space 114688K, 99% used [0x0000000080000000,0x0000000086fb8330,0x0000000087000000)
 Metaspace       used 65887K, committed 67328K, reserved 1114112K
  class space    used 6667K, committed 7296K, reserved 1048576K
}
Event: 3027.101 GC heap before
{Heap before GC invocations=146 (full 3):
 PSYoungGen      total 15872K, used 15466K [0x00000000d5580000, 0x00000000d6680000, 0x0000000100000000)
  eden space 14848K, 100% used [0x00000000d5580000,0x00000000d6400000,0x00000000d6400000)
  from space 1024K, 60% used [0x00000000d6580000,0x00000000d661a910,0x00000000d6680000)
  to   space 1024K, 0% used [0x00000000d6480000,0x00000000d6480000,0x00000000d6580000)
 ParOldGen       total 114688K, used 114400K [0x0000000080000000, 0x0000000087000000, 0x00000000d5580000)
  object space 114688K, 99% used [0x0000000080000000,0x0000000086fb8330,0x0000000087000000)
 Metaspace       used 65894K, committed 67328K, reserved 1114112K
  class space    used 6667K, committed 7296K, reserved 1048576K
}
Event: 3027.103 GC heap after
{Heap after GC invocations=146 (full 3):
 PSYoungGen      total 15872K, used 644K [0x00000000d5580000, 0x00000000d6600000, 0x0000000100000000)
  eden space 14848K, 0% used [0x00000000d5580000,0x00000000d5580000,0x00000000d6400000)
  from space 1024K, 62% used [0x00000000d6480000,0x00000000d6521210,0x00000000d6580000)
  to   space 512K, 0% used [0x00000000d6580000,0x00000000d6580000,0x00000000d6600000)
 ParOldGen       total 114688K, used 114432K [0x0000000080000000, 0x0000000087000000, 0x00000000d5580000)
  object space 114688K, 99% used [0x0000000080000000,0x0000000086fc0330,0x0000000087000000)
 Metaspace       used 65894K, committed 67328K, reserved 1114112K
  class space    used 6667K, committed 7296K, reserved 1048576K
}
Event: 3027.150 GC heap before
{Heap before GC invocations=147 (full 3):
 PSYoungGen      total 15872K, used 15492K [0x00000000d5580000, 0x00000000d6600000, 0x0000000100000000)
  eden space 14848K, 100% used [0x00000000d5580000,0x00000000d6400000,0x00000000d6400000)
  from space 1024K, 62% used [0x00000000d6480000,0x00000000d6521210,0x00000000d6580000)
  to   space 512K, 0% used [0x00000000d6580000,0x00000000d6580000,0x00000000d6600000)
 ParOldGen       total 114688K, used 114432K [0x0000000080000000, 0x0000000087000000, 0x00000000d5580000)
  object space 114688K, 99% used [0x0000000080000000,0x0000000086fc0330,0x0000000087000000)
 Metaspace       used 65905K, committed 67328K, reserved 1114112K
  class space    used 6667K, committed 7296K, reserved 1048576K
}
Event: 3027.152 GC heap after
{Heap after GC invocations=147 (full 3):
 PSYoungGen      total 14848K, used 500K [0x00000000d5580000, 0x00000000d6800000, 0x0000000100000000)
  eden space 14336K, 0% used [0x00000000d5580000,0x00000000d5580000,0x00000000d6380000)
  from space 512K, 97% used [0x00000000d6580000,0x00000000d65fd200,0x00000000d6600000)
  to   space 2048K, 0% used [0x00000000d6380000,0x00000000d6380000,0x00000000d6580000)
 ParOldGen       total 115712K, used 115459K [0x0000000080000000, 0x0000000087100000, 0x00000000d5580000)
  object space 115712K, 99% used [0x0000000080000000,0x00000000870c0c98,0x0000000087100000)
 Metaspace       used 65905K, committed 67328K, reserved 1114112K
  class space    used 6667K, committed 7296K, reserved 1048576K
}

