# JRE version: OpenJDK Runtime Environment Temurin-21.0.8+9 (21.0.8+9) (build 21.0.8+9-LTS)
# Java VM: OpenJDK 64-Bit Server VM Temurin-21.0.8+9 (21.0.8+9-LTS, mixed mode, sharing, tiered, compressed oops, compressed class ptrs, parallel gc, windows-amd64)
GC Precious Log:
 CardTable entry size: 512
 CPUs: 12 total, 12 available
 Memory: 15706M
 Large Page Support: Disabled
 NUMA Support: Disabled
 Compressed Oops: Enabled (32-bit)
 Alignments: Space 512K, Generation 512K, Heap 2M
 Heap Min Capacity: 100M
 Heap Initial Capacity: 100M
 Heap Max Capacity: 2G
 Pre-touch: Disabled
 Parallel Workers: 10
Heap:
 PSYoungGen      total 20480K, used 2681K [0x00000000d5580000, 0x00000000d6b80000, 0x0000000100000000)
  eden space 18944K, 6% used [0x00000000d5580000,0x00000000d56b1608,0x00000000d6800000)
  from space 1536K, 95% used [0x00000000d6880000,0x00000000d69ece90,0x00000000d6a00000)
  to   space 1536K, 0% used [0x00000000d6a00000,0x00000000d6a00000,0x00000000d6b80000)
 ParOldGen       total 74752K, used 74696K [0x0000000080000000, 0x0000000084900000, 0x00000000d5580000)
  object space 74752K, 99% used [0x0000000080000000,0x00000000848f22b8,0x0000000084900000)
 Metaspace       used 63253K, committed 64768K, reserved 1114112K
  class space    used 6618K, committed 7232K, reserved 1048576K
GC Heap History (20 events):
Event: 36.691 GC heap before
{Heap before GC invocations=82 (full 3):
 PSYoungGen      total 21504K, used 21484K [0x00000000d5580000, 0x00000000d6d00000, 0x0000000100000000)
  eden space 20480K, 100% used [0x00000000d5580000,0x00000000d6980000,0x00000000d6980000)
  from space 1024K, 98% used [0x00000000d6b00000,0x00000000d6bfb288,0x00000000d6c00000)
  to   space 1536K, 0% used [0x00000000d6980000,0x00000000d6980000,0x00000000d6b00000)
 ParOldGen       total 70144K, used 60891K [0x0000000080000000, 0x0000000084480000, 0x00000000d5580000)
  object space 70144K, 86% used [0x0000000080000000,0x0000000083b76e38,0x0000000084480000)
 Metaspace       used 60060K, committed 61568K, reserved 1114112K
  class space    used 6389K, committed 7040K, reserved 1048576K
}
Event: 36.693 GC heap after
{Heap after GC invocations=82 (full 3):
 PSYoungGen      total 21504K, used 736K [0x00000000d5580000, 0x00000000d6b80000, 0x0000000100000000)
  eden space 20480K, 0% used [0x00000000d5580000,0x00000000d5580000,0x00000000d6980000)
  from space 1024K, 71% used [0x00000000d6980000,0x00000000d6a38000,0x00000000d6a80000)
  to   space 1024K, 0% used [0x00000000d6a80000,0x00000000d6a80000,0x00000000d6b80000)
 ParOldGen       total 70144K, used 61890K [0x0000000080000000, 0x0000000084480000, 0x00000000d5580000)
  object space 70144K, 88% used [0x0000000080000000,0x0000000083c70a40,0x0000000084480000)
 Metaspace       used 60060K, committed 61568K, reserved 1114112K
  class space    used 6389K, committed 7040K, reserved 1048576K
}
Event: 36.774 GC heap before
{Heap before GC invocations=83 (full 3):
 PSYoungGen      total 21504K, used 21216K [0x00000000d5580000, 0x00000000d6b80000, 0x0000000100000000)
  eden space 20480K, 100% used [0x00000000d5580000,0x00000000d6980000,0x00000000d6980000)
  from space 1024K, 71% used [0x00000000d6980000,0x00000000d6a38000,0x00000000d6a80000)
  to   space 1024K, 0% used [0x00000000d6a80000,0x00000000d6a80000,0x00000000d6b80000)
 ParOldGen       total 70144K, used 61890K [0x0000000080000000, 0x0000000084480000, 0x00000000d5580000)
  object space 70144K, 88% used [0x0000000080000000,0x0000000083c70a40,0x0000000084480000)
 Metaspace       used 60060K, committed 61568K, reserved 1114112K
  class space    used 6389K, committed 7040K, reserved 1048576K
}
Event: 36.776 GC heap after
{Heap after GC invocations=83 (full 3):
 PSYoungGen      total 21504K, used 760K [0x00000000d5580000, 0x00000000d6b80000, 0x0000000100000000)
  eden space 20480K, 0% used [0x00000000d5580000,0x00000000d5580000,0x00000000d6980000)
  from space 1024K, 74% used [0x00000000d6a80000,0x00000000d6b3e0d8,0x00000000d6b80000)
  to   space 1024K, 0% used [0x00000000d6980000,0x00000000d6980000,0x00000000d6a80000)
 ParOldGen       total 70144K, used 62434K [0x0000000080000000, 0x0000000084480000, 0x00000000d5580000)
  object space 70144K, 89% used [0x0000000080000000,0x0000000083cf8a40,0x0000000084480000)
 Metaspace       used 60060K, committed 61568K, reserved 1114112K
  class space    used 6389K, committed 7040K, reserved 1048576K
}
Event: 36.874 GC heap before
{Heap before GC invocations=84 (full 3):
 PSYoungGen      total 21504K, used 21240K [0x00000000d5580000, 0x00000000d6b80000, 0x0000000100000000)
  eden space 20480K, 100% used [0x00000000d5580000,0x00000000d6980000,0x00000000d6980000)
  from space 1024K, 74% used [0x00000000d6a80000,0x00000000d6b3e0d8,0x00000000d6b80000)
  to   space 1024K, 0% used [0x00000000d6980000,0x00000000d6980000,0x00000000d6a80000)
 ParOldGen       total 70144K, used 62434K [0x0000000080000000, 0x0000000084480000, 0x00000000d5580000)
  object space 70144K, 89% used [0x0000000080000000,0x0000000083cf8a40,0x0000000084480000)
 Metaspace       used 60060K, committed 61568K, reserved 1114112K
  class space    used 6389K, committed 7040K, reserved 1048576K
}
Event: 36.878 GC heap after
{Heap after GC invocations=84 (full 3):
 PSYoungGen      total 21504K, used 576K [0x00000000d5580000, 0x00000000d6b80000, 0x0000000100000000)
  eden space 20480K, 0% used [0x00000000d5580000,0x00000000d5580000,0x00000000d6980000)
  from space 1024K, 56% used [0x00000000d6980000,0x00000000d6a10000,0x00000000d6a80000)
  to   space 1024K, 0% used [0x00000000d6a80000,0x00000000d6a80000,0x00000000d6b80000)
 ParOldGen       total 70144K, used 63819K [0x0000000080000000, 0x0000000084480000, 0x00000000d5580000)
  object space 70144K, 90% used [0x0000000080000000,0x0000000083e52e20,0x0000000084480000)
 Metaspace       used 60060K, committed 61568K, reserved 1114112K
  class space    used 6389K, committed 7040K, reserved 1048576K
}
Event: 36.952 GC heap before
{Heap before GC invocations=85 (full 3):
 PSYoungGen      total 21504K, used 21056K [0x00000000d5580000, 0x00000000d6b80000, 0x0000000100000000)
  eden space 20480K, 100% used [0x00000000d5580000,0x00000000d6980000,0x00000000d6980000)
  from space 1024K, 56% used [0x00000000d6980000,0x00000000d6a10000,0x00000000d6a80000)
  to   space 1024K, 0% used [0x00000000d6a80000,0x00000000d6a80000,0x00000000d6b80000)
 ParOldGen       total 70144K, used 63819K [0x0000000080000000, 0x0000000084480000, 0x00000000d5580000)
  object space 70144K, 90% used [0x0000000080000000,0x0000000083e52e20,0x0000000084480000)
 Metaspace       used 60061K, committed 61568K, reserved 1114112K
  class space    used 6389K, committed 7040K, reserved 1048576K
}
Event: 36.955 GC heap after
{Heap after GC invocations=85 (full 3):
 PSYoungGen      total 21504K, used 608K [0x00000000d5580000, 0x00000000d6b80000, 0x0000000100000000)
  eden space 20480K, 0% used [0x00000000d5580000,0x00000000d5580000,0x00000000d6980000)
  from space 1024K, 59% used [0x00000000d6a80000,0x00000000d6b18000,0x00000000d6b80000)
  to   space 1024K, 0% used [0x00000000d6980000,0x00000000d6980000,0x00000000d6a80000)
 ParOldGen       total 70144K, used 64235K [0x0000000080000000, 0x0000000084480000, 0x00000000d5580000)
  object space 70144K, 91% used [0x0000000080000000,0x0000000083ebada8,0x0000000084480000)
 Metaspace       used 60061K, committed 61568K, reserved 1114112K
  class space    used 6389K, committed 7040K, reserved 1048576K
}
Event: 37.503 GC heap before
{Heap before GC invocations=86 (full 3):
 PSYoungGen      total 21504K, used 21088K [0x00000000d5580000, 0x00000000d6b80000, 0x0000000100000000)
  eden space 20480K, 100% used [0x00000000d5580000,0x00000000d6980000,0x00000000d6980000)
  from space 1024K, 59% used [0x00000000d6a80000,0x00000000d6b18000,0x00000000d6b80000)
  to   space 1024K, 0% used [0x00000000d6980000,0x00000000d6980000,0x00000000d6a80000)
 ParOldGen       total 70144K, used 64235K [0x0000000080000000, 0x0000000084480000, 0x00000000d5580000)
  object space 70144K, 91% used [0x0000000080000000,0x0000000083ebada8,0x0000000084480000)
 Metaspace       used 61174K, committed 62656K, reserved 1114112K
  class space    used 6495K, committed 7104K, reserved 1048576K
}
Event: 37.506 GC heap after
{Heap after GC invocations=86 (full 3):
 PSYoungGen      total 21504K, used 1021K [0x00000000d5580000, 0x00000000d6f80000, 0x0000000100000000)
  eden space 20480K, 0% used [0x00000000d5580000,0x00000000d5580000,0x00000000d6980000)
  from space 1024K, 99% used [0x00000000d6980000,0x00000000d6a7f438,0x00000000d6a80000)
  to   space 3072K, 0% used [0x00000000d6c80000,0x00000000d6c80000,0x00000000d6f80000)
 ParOldGen       total 70144K, used 65712K [0x0000000080000000, 0x0000000084480000, 0x00000000d5580000)
  object space 70144K, 93% used [0x0000000080000000,0x000000008402c160,0x0000000084480000)
 Metaspace       used 61174K, committed 62656K, reserved 1114112K
  class space    used 6495K, committed 7104K, reserved 1048576K
}
Event: 38.260 GC heap before
{Heap before GC invocations=87 (full 3):
 PSYoungGen      total 21504K, used 21501K [0x00000000d5580000, 0x00000000d6f80000, 0x0000000100000000)
  eden space 20480K, 100% used [0x00000000d5580000,0x00000000d6980000,0x00000000d6980000)
  from space 1024K, 99% used [0x00000000d6980000,0x00000000d6a7f438,0x00000000d6a80000)
  to   space 3072K, 0% used [0x00000000d6c80000,0x00000000d6c80000,0x00000000d6f80000)
 ParOldGen       total 70144K, used 65712K [0x0000000080000000, 0x0000000084480000, 0x00000000d5580000)
  object space 70144K, 93% used [0x0000000080000000,0x000000008402c160,0x0000000084480000)
 Metaspace       used 62218K, committed 63744K, reserved 1114112K
  class space    used 6594K, committed 7232K, reserved 1048576K
}
Event: 38.264 GC heap after
{Heap after GC invocations=87 (full 3):
 PSYoungGen      total 22528K, used 1822K [0x00000000d5580000, 0x00000000d6e80000, 0x0000000100000000)
  eden space 20480K, 0% used [0x00000000d5580000,0x00000000d5580000,0x00000000d6980000)
  from space 2048K, 88% used [0x00000000d6c80000,0x00000000d6e47978,0x00000000d6e80000)
  to   space 2560K, 0% used [0x00000000d6980000,0x00000000d6980000,0x00000000d6c00000)
 ParOldGen       total 70144K, used 66816K [0x0000000080000000, 0x0000000084480000, 0x00000000d5580000)
  object space 70144K, 95% used [0x0000000080000000,0x00000000841403a0,0x0000000084480000)
 Metaspace       used 62218K, committed 63744K, reserved 1114112K
  class space    used 6594K, committed 7232K, reserved 1048576K
}
Event: 40.075 GC heap before
{Heap before GC invocations=88 (full 3):
 PSYoungGen      total 22528K, used 22302K [0x00000000d5580000, 0x00000000d6e80000, 0x0000000100000000)
  eden space 20480K, 100% used [0x00000000d5580000,0x00000000d6980000,0x00000000d6980000)
  from space 2048K, 88% used [0x00000000d6c80000,0x00000000d6e47978,0x00000000d6e80000)
  to   space 2560K, 0% used [0x00000000d6980000,0x00000000d6980000,0x00000000d6c00000)
 ParOldGen       total 70144K, used 66816K [0x0000000080000000, 0x0000000084480000, 0x00000000d5580000)
  object space 70144K, 95% used [0x0000000080000000,0x00000000841403a0,0x0000000084480000)
 Metaspace       used 62420K, committed 63936K, reserved 1114112K
  class space    used 6599K, committed 7232K, reserved 1048576K
}
Event: 40.079 GC heap after
{Heap after GC invocations=88 (full 3):
 PSYoungGen      total 22016K, used 1086K [0x00000000d5580000, 0x00000000d6d00000, 0x0000000100000000)
  eden space 20480K, 0% used [0x00000000d5580000,0x00000000d5580000,0x00000000d6980000)
  from space 1536K, 70% used [0x00000000d6980000,0x00000000d6a8fa18,0x00000000d6b00000)
  to   space 1536K, 0% used [0x00000000d6b80000,0x00000000d6b80000,0x00000000d6d00000)
 ParOldGen       total 70144K, used 68388K [0x0000000080000000, 0x0000000084480000, 0x00000000d5580000)
  object space 70144K, 97% used [0x0000000080000000,0x00000000842c90b8,0x0000000084480000)
 Metaspace       used 62420K, committed 63936K, reserved 1114112K
  class space    used 6599K, committed 7232K, reserved 1048576K
}
Event: 41.309 GC heap before
{Heap before GC invocations=89 (full 3):
 PSYoungGen      total 22016K, used 21566K [0x00000000d5580000, 0x00000000d6d00000, 0x0000000100000000)
  eden space 20480K, 100% used [0x00000000d5580000,0x00000000d6980000,0x00000000d6980000)
  from space 1536K, 70% used [0x00000000d6980000,0x00000000d6a8fa18,0x00000000d6b00000)
  to   space 1536K, 0% used [0x00000000d6b80000,0x00000000d6b80000,0x00000000d6d00000)
 ParOldGen       total 70144K, used 68388K [0x0000000080000000, 0x0000000084480000, 0x00000000d5580000)
  object space 70144K, 97% used [0x0000000080000000,0x00000000842c90b8,0x0000000084480000)
 Metaspace       used 62558K, committed 64128K, reserved 1114112K
  class space    used 6601K, committed 7232K, reserved 1048576K
}
Event: 41.312 GC heap after
{Heap after GC invocations=89 (full 3):
 PSYoungGen      total 20480K, used 1521K [0x00000000d5580000, 0x00000000d7080000, 0x0000000100000000)
  eden space 18944K, 0% used [0x00000000d5580000,0x00000000d5580000,0x00000000d6800000)
  from space 1536K, 99% used [0x00000000d6b80000,0x00000000d6cfc4b0,0x00000000d6d00000)
  to   space 3584K, 0% used [0x00000000d6800000,0x00000000d6800000,0x00000000d6b80000)
 ParOldGen       total 70144K, used 69927K [0x0000000080000000, 0x0000000084480000, 0x00000000d5580000)
  object space 70144K, 99% used [0x0000000080000000,0x0000000084449f68,0x0000000084480000)
 Metaspace       used 62558K, committed 64128K, reserved 1114112K
  class space    used 6601K, committed 7232K, reserved 1048576K
}
Event: 41.638 GC heap before
{Heap before GC invocations=90 (full 3):
 PSYoungGen      total 20480K, used 20465K [0x00000000d5580000, 0x00000000d7080000, 0x0000000100000000)
  eden space 18944K, 100% used [0x00000000d5580000,0x00000000d6800000,0x00000000d6800000)
  from space 1536K, 99% used [0x00000000d6b80000,0x00000000d6cfc4b0,0x00000000d6d00000)
  to   space 3584K, 0% used [0x00000000d6800000,0x00000000d6800000,0x00000000d6b80000)
 ParOldGen       total 70144K, used 69927K [0x0000000080000000, 0x0000000084480000, 0x00000000d5580000)
  object space 70144K, 99% used [0x0000000080000000,0x0000000084449f68,0x0000000084480000)
 Metaspace       used 62932K, committed 64448K, reserved 1114112K
  class space    used 6617K, committed 7232K, reserved 1048576K
}
Event: 41.643 GC heap after
{Heap after GC invocations=90 (full 3):
 PSYoungGen      total 22016K, used 2644K [0x00000000d5580000, 0x00000000d6e00000, 0x0000000100000000)
  eden space 18944K, 0% used [0x00000000d5580000,0x00000000d5580000,0x00000000d6800000)
  from space 3072K, 86% used [0x00000000d6800000,0x00000000d6a95238,0x00000000d6b00000)
  to   space 3072K, 0% used [0x00000000d6b00000,0x00000000d6b00000,0x00000000d6e00000)
 ParOldGen       total 71680K, used 71226K [0x0000000080000000, 0x0000000084600000, 0x00000000d5580000)
  object space 71680K, 99% used [0x0000000080000000,0x000000008458ea00,0x0000000084600000)
 Metaspace       used 62932K, committed 64448K, reserved 1114112K
  class space    used 6617K, committed 7232K, reserved 1048576K
}
Event: 42.105 GC heap before
{Heap before GC invocations=91 (full 3):
 PSYoungGen      total 22016K, used 21588K [0x00000000d5580000, 0x00000000d6e00000, 0x0000000100000000)
  eden space 18944K, 100% used [0x00000000d5580000,0x00000000d6800000,0x00000000d6800000)
  from space 3072K, 86% used [0x00000000d6800000,0x00000000d6a95238,0x00000000d6b00000)
  to   space 3072K, 0% used [0x00000000d6b00000,0x00000000d6b00000,0x00000000d6e00000)
 ParOldGen       total 71680K, used 71226K [0x0000000080000000, 0x0000000084600000, 0x00000000d5580000)
  object space 71680K, 99% used [0x0000000080000000,0x000000008458ea00,0x0000000084600000)
 Metaspace       used 63079K, committed 64576K, reserved 1114112K
  class space    used 6618K, committed 7232K, reserved 1048576K
}
Event: 42.110 GC heap after
{Heap after GC invocations=91 (full 3):
 PSYoungGen      total 20480K, used 1188K [0x00000000d5580000, 0x00000000d6c80000, 0x0000000100000000)
  eden space 18944K, 0% used [0x00000000d5580000,0x00000000d5580000,0x00000000d6800000)
  from space 1536K, 77% used [0x00000000d6b00000,0x00000000d6c29210,0x00000000d6c80000)
  to   space 2048K, 0% used [0x00000000d6880000,0x00000000d6880000,0x00000000d6a80000)
 ParOldGen       total 73728K, used 73697K [0x0000000080000000, 0x0000000084800000, 0x00000000d5580000)
  object space 73728K, 99% used [0x0000000080000000,0x00000000847f8648,0x0000000084800000)
 Metaspace       used 63079K, committed 64576K, reserved 1114112K
  class space    used 6618K, committed 7232K, reserved 1048576K
}

